<?xml version="1.0" encoding="UTF-8"?>
<!-- Generated by org.testng.reporters.JUnitReportReporter -->
<testsuite hostname="DevendraS-130398" failures="0" tests="3" name="com.crm.qa.testcases.LoginPageTest" time="9.950" errors="0" timestamp="13 Feb 2025 09:50:40 GMT" skipped="0">
  <testcase classname="com.crm.qa.testcases.LoginPageTest" name="loginPageTitleTest" time="3.420"/>
  <testcase classname="com.crm.qa.testcases.LoginPageTest" name="crmLogoImageTest" time="3.008"/>
  <testcase classname="com.crm.qa.testcases.LoginPageTest" name="loginTest" time="3.522"/>
</testsuite> <!-- com.crm.qa.testcases.LoginPageTest -->
