<?xml version="1.0" encoding="UTF-8"?>
<!-- Generated by org.testng.reporters.JUnitReportReporter -->
<testsuite hostname="DevendraS-130398" failures="0" tests="3" name="com.crm.qa.testcases.HomePageTest" time="14.119" errors="0" timestamp="13 Feb 2025 11:19:25 GMT" skipped="0">
  <testcase classname="com.crm.qa.testcases.HomePageTest" name="verifyHomePageTitleTest" time="2.767"/>
  <testcase classname="com.crm.qa.testcases.HomePageTest" name="verifyUserNameTest" time="3.086"/>
  <testcase classname="com.crm.qa.testcases.HomePageTest" name="verifyCartLinkTest" time="8.266"/>
</testsuite> <!-- com.crm.qa.testcases.HomePageTest -->
